<?xml version="1.0" encoding="UTF-8" standalone="no"?><testsuite errors="1" failures="0" name="As end user I want to login the app to make a purchase" skipped="0" tests="1" time="0.33" timestamp="2022-03-27 03:14:04"><testcase name="login using valid credentials"><error message="No stage available - it looks like you haven't called the setTheStage() method before calling this one." type="net.serenitybdd.screenplay.actors.NoStageException">No stage available - it looks like you haven't called the setTheStage() method before calling this one.</error><system-err>No stage available - it looks like you haven't called the setTheStage() method before calling this one.
stepsdefinition.LoginStepsDefinition.thatAMobileAppUserWantsToManageTheirAccount(LoginStepsDefinition.java:15)
✽.a client wants to purchase some products(file:///Users/seorozcope/Documents/working-folder/automation/mobile-testing-serenitybdd/src/test/resources/features/login.feature:4)
</system-err></testcase></testsuite>